  正在清理远程项目目录
  正在验证源
  正在将源远程复制到“192.168.0.108”
  正在验证体系结构
  正在验证体系结构
  正在启动远程生成
  正在编译源:
  main.cpp
D:\workspace_rpi\Main\Main\main.cpp(14,16): warning : unused variable ‘string’ [-Wunused-variable]
D:\workspace_rpi\Main\Main\main.cpp(14,16): warning :   unsigned char string[100] = "Hello World!!";
D:\workspace_rpi\Main\Main\main.cpp(14,16): warning :                 ^~~~~~
  OSD.cpp
D:\workspace_rpi\Main\Main\OSD.cpp(28,16): warning : unused variable ‘i’ [-Wunused-variable]
D:\workspace_rpi\Main\Main\OSD.cpp(28,16): warning :   unsigned char i = 0;
D:\workspace_rpi\Main\Main\OSD.cpp(28,16): warning :                 ^
D:\workspace_rpi\Main\Main\OSD.cpp(39,16): warning : unused variable ‘i’ [-Wunused-variable]
D:\workspace_rpi\Main\Main\OSD.cpp(39,16): warning :   unsigned char i[2048] = { 0x27, 0x55, 0xAA, 0x55, 0xAA, 0x55, 0xAA, 0x55, 0xAA, 0x55, 0xAA, 0x55, 0xAA, 0x55, 0xAA, 0x55,
D:\workspace_rpi\Main\Main\OSD.cpp(39,16): warning :                 ^
D:\workspace_rpi\Main\Main\OSD.cpp(72,16): warning : unused variable ‘lCtrlData’ [-Wunused-variable]
D:\workspace_rpi\Main\Main\OSD.cpp(72,16): warning :   unsigned char lCtrlData = QM_OSDCMDWRITE;
D:\workspace_rpi\Main\Main\OSD.cpp(72,16): warning :                 ^~~~~~~~~
  正在链接对象
  Main.vcxproj -> D:\workspace_rpi\Main\Main\bin\ARM\Release\Main.out
  正在调用“gpio export 17 out”，工作目录:“/home/pi/projects/Main/”
